{"/Users/ali/Sites/Next-js-Boilerplate/src/components/form.tsx": {"path":"/Users/ali/Sites/Next-js-Boilerplate/src/components/form.tsx","statementMap":{"0":{"start":{"line":1,"column":24},"end":{"line":1,"column":39}}},"fnMap":{"0":{"name":"(anonymous_0)","decl":{"start":{"line":1,"column":24},"end":{"line":1,"column":39}},"loc":{"start":{"line":1,"column":24},"end":{"line":1,"column":39}}}},"branchMap":{},"s":{"0":0},"f":{"0":0},"b":{}}
,"/Users/ali/Sites/Next-js-Boilerplate/src/components/loading.tsx": {"path":"/Users/ali/Sites/Next-js-Boilerplate/src/components/loading.tsx","statementMap":{"0":{"start":{"line":1,"column":24},"end":{"line":1,"column":33}}},"fnMap":{"0":{"name":"(anonymous_0)","decl":{"start":{"line":1,"column":24},"end":{"line":1,"column":33}},"loc":{"start":{"line":1,"column":24},"end":{"line":1,"column":33}}}},"branchMap":{},"s":{"0":0},"f":{"0":0},"b":{}}
,"/Users/ali/Sites/Next-js-Boilerplate/src/components/order_summary.tsx": {"path":"/Users/ali/Sites/Next-js-Boilerplate/src/components/order_summary.tsx","statementMap":{"0":{"start":{"line":7,"column":24},"end":{"line":7,"column":37}},"1":{"start":{"line":3,"column":25},"end":{"line":3,"column":null}},"2":{"start":{"line":5,"column":29},"end":{"line":5,"column":null}},"3":{"start":{"line":30,"column":12},"end":{"line":30,"column":41}},"4":{"start":{"line":70,"column":14},"end":{"line":71,"column":null}}},"fnMap":{"0":{"name":"(anonymous_0)","decl":{"start":{"line":7,"column":24},"end":{"line":7,"column":37}},"loc":{"start":{"line":7,"column":24},"end":{"line":7,"column":37}}},"1":{"name":"(anonymous_3)","decl":{"start":{"line":29,"column":21},"end":{"line":29,"column":22}},"loc":{"start":{"line":30,"column":12},"end":{"line":30,"column":41}}},"2":{"name":"(anonymous_4)","decl":{"start":{"line":69,"column":35},"end":{"line":69,"column":36}},"loc":{"start":{"line":70,"column":14},"end":{"line":71,"column":null}}}},"branchMap":{"0":{"loc":{"start":{"line":67,"column":11},"end":{"line":71,"column":null}},"type":"binary-expr","locations":[{"start":{"line":67,"column":11},"end":{"line":67,"column":null}},{"start":{"line":68,"column":12},"end":{"line":68,"column":null}},{"start":{"line":69,"column":12},"end":{"line":71,"column":null}}]}},"s":{"0":0,"1":0,"2":0,"3":0,"4":0},"f":{"0":0,"1":0,"2":0},"b":{"0":[0,0,0]}}
,"/Users/ali/Sites/Next-js-Boilerplate/src/components/order_summary_item.tsx": {"path":"/Users/ali/Sites/Next-js-Boilerplate/src/components/order_summary_item.tsx","statementMap":{"0":{"start":{"line":5,"column":24},"end":{"line":5,"column":41}},"1":{"start":{"line":3,"column":25},"end":{"line":3,"column":null}}},"fnMap":{"0":{"name":"(anonymous_0)","decl":{"start":{"line":5,"column":24},"end":{"line":5,"column":41}},"loc":{"start":{"line":5,"column":24},"end":{"line":5,"column":41}}}},"branchMap":{"0":{"loc":{"start":{"line":20,"column":12},"end":{"line":21,"column":null}},"type":"binary-expr","locations":[{"start":{"line":20,"column":13},"end":{"line":20,"column":27}},{"start":{"line":20,"column":31},"end":{"line":20,"column":58}},{"start":{"line":21,"column":12},"end":{"line":21,"column":null}}]},"1":{"loc":{"start":{"line":20,"column":31},"end":{"line":20,"column":58}},"type":"cond-expr","locations":[{"start":{"line":20,"column":31},"end":{"line":20,"column":39}},{"start":{"line":20,"column":31},"end":{"line":20,"column":58}}]},"2":{"loc":{"start":{"line":20,"column":31},"end":{"line":20,"column":39}},"type":"binary-expr","locations":[{"start":{"line":20,"column":31},"end":{"line":20,"column":50}},{"start":{"line":20,"column":31},"end":{"line":20,"column":39}}]},"3":{"loc":{"start":{"line":20,"column":31},"end":{"line":20,"column":53}},"type":"binary-expr","locations":[{"start":{"line":20,"column":31},"end":{"line":20,"column":53}},{"start":{"line":20,"column":50},"end":{"line":20,"column":53}}]},"4":{"loc":{"start":{"line":28,"column":11},"end":{"line":28,"column":23}},"type":"binary-expr","locations":[{"start":{"line":28,"column":11},"end":{"line":28,"column":23}}]},"5":{"loc":{"start":{"line":28,"column":11},"end":{"line":28,"column":23}},"type":"cond-expr","locations":[{"start":{"line":28,"column":11},"end":{"line":28,"column":20}},{"start":{"line":28,"column":11},"end":{"line":28,"column":23}}]},"6":{"loc":{"start":{"line":28,"column":11},"end":{"line":28,"column":20}},"type":"binary-expr","locations":[{"start":{"line":28,"column":11},"end":{"line":28,"column":20}},{"start":{"line":28,"column":11},"end":{"line":28,"column":20}}]}},"s":{"0":0,"1":0},"f":{"0":0},"b":{"0":[0,0,0],"1":[0,0],"2":[0,0],"3":[0,0],"4":[0],"5":[0,0],"6":[0,0]}}
,"/Users/ali/Sites/Next-js-Boilerplate/src/layouts/Meta.tsx": {"path":"/Users/ali/Sites/Next-js-Boilerplate/src/layouts/Meta.tsx","statementMap":{"0":{"start":{"line":66,"column":9},"end":{"line":66,"column":null}},"1":{"start":{"line":1,"column":17},"end":{"line":1,"column":null}},"2":{"start":{"line":2,"column":26},"end":{"line":2,"column":null}},"3":{"start":{"line":3,"column":24},"end":{"line":3,"column":null}},"4":{"start":{"line":5,"column":26},"end":{"line":5,"column":null}},"5":{"start":{"line":13,"column":13},"end":{"line":64,"column":null}},"6":{"start":{"line":14,"column":17},"end":{"line":14,"column":null}}},"fnMap":{"0":{"name":"(anonymous_0)","decl":{"start":{"line":66,"column":9},"end":{"line":66,"column":null}},"loc":{"start":{"line":66,"column":9},"end":{"line":66,"column":null}}},"1":{"name":"(anonymous_2)","decl":{"start":{"line":13,"column":13},"end":{"line":13,"column":14}},"loc":{"start":{"line":13,"column":36},"end":{"line":64,"column":null}}}},"branchMap":{},"s":{"0":3,"1":3,"2":3,"3":3,"4":3,"5":3,"6":3},"f":{"0":3,"1":3},"b":{}}
,"/Users/ali/Sites/Next-js-Boilerplate/src/pages/[slug].tsx": {"path":"/Users/ali/Sites/Next-js-Boilerplate/src/pages/[slug].tsx","statementMap":{"0":{"start":{"line":96,"column":22},"end":{"line":96,"column":40}},"1":{"start":{"line":104,"column":0},"end":{"line":104,"column":15}},"2":{"start":{"line":1,"column":36},"end":{"line":1,"column":null}},"3":{"start":{"line":3,"column":18},"end":{"line":3,"column":null}},"4":{"start":{"line":5,"column":25},"end":{"line":5,"column":null}},"5":{"start":{"line":6,"column":19},"end":{"line":6,"column":null}},"6":{"start":{"line":7,"column":25},"end":{"line":7,"column":null}},"7":{"start":{"line":8,"column":21},"end":{"line":8,"column":null}},"8":{"start":{"line":9,"column":21},"end":{"line":9,"column":null}},"9":{"start":{"line":11,"column":14},"end":{"line":94,"column":null}},"10":{"start":{"line":13,"column":2},"end":{"line":13,"column":null}},"11":{"start":{"line":14,"column":32},"end":{"line":14,"column":null}},"12":{"start":{"line":15,"column":26},"end":{"line":15,"column":null}},"13":{"start":{"line":16,"column":2},"end":{"line":28,"column":null}},"14":{"start":{"line":17,"column":4},"end":{"line":17,"column":null}},"15":{"start":{"line":19,"column":4},"end":{"line":21,"column":null}},"16":{"start":{"line":20,"column":6},"end":{"line":20,"column":null}},"17":{"start":{"line":22,"column":4},"end":{"line":22,"column":null}},"18":{"start":{"line":97,"column":2},"end":{"line":101,"column":null}},"19":{"start":{"line":104,"column":15},"end":{"line":104,"column":21}}},"fnMap":{"0":{"name":"(anonymous_1)","decl":{"start":{"line":96,"column":40},"end":{"line":96,"column":41}},"loc":{"start":{"line":96,"column":22},"end":{"line":96,"column":40}}},"1":{"name":"(anonymous_2)","decl":{"start":{"line":104,"column":21},"end":{"line":104,"column":null}},"loc":{"start":{"line":104,"column":0},"end":{"line":104,"column":15}}},"2":{"name":"(anonymous_4)","decl":{"start":{"line":11,"column":14},"end":{"line":11,"column":15}},"loc":{"start":{"line":11,"column":60},"end":{"line":94,"column":null}}},"3":{"name":"(anonymous_5)","decl":{"start":{"line":16,"column":12},"end":{"line":16,"column":18}},"loc":{"start":{"line":16,"column":18},"end":{"line":28,"column":5}}},"4":{"name":"(anonymous_6)","decl":{"start":{"line":19,"column":41},"end":{"line":19,"column":42}},"loc":{"start":{"line":19,"column":53},"end":{"line":21,"column":null}}},"5":{"name":"getServerSideProps","decl":{"start":{"line":96,"column":22},"end":{"line":96,"column":40}},"loc":{"start":{"line":96,"column":55},"end":{"line":102,"column":null}}}},"branchMap":{"0":{"loc":{"start":{"line":39,"column":7},"end":{"line":39,"column":null}},"type":"binary-expr","locations":[{"start":{"line":39,"column":7},"end":{"line":39,"column":null}}]},"1":{"loc":{"start":{"line":89,"column":11},"end":{"line":89,"column":24}},"type":"binary-expr","locations":[{"start":{"line":89,"column":11},"end":{"line":89,"column":24}}]}},"s":{"0":0,"1":0,"2":0,"3":0,"4":0,"5":0,"6":0,"7":0,"8":0,"9":0,"10":0,"11":0,"12":0,"13":0,"14":0,"15":0,"16":0,"17":0,"18":0,"19":0},"f":{"0":0,"1":0,"2":0,"3":0,"4":0,"5":0},"b":{"0":[0],"1":[0]}}
,"/Users/ali/Sites/Next-js-Boilerplate/src/pages/about.tsx": {"path":"/Users/ali/Sites/Next-js-Boilerplate/src/pages/about.tsx","statementMap":{"0":{"start":{"line":21,"column":0},"end":{"line":21,"column":15}},"1":{"start":{"line":1,"column":21},"end":{"line":1,"column":null}},"2":{"start":{"line":2,"column":21},"end":{"line":2,"column":null}},"3":{"start":{"line":21,"column":15},"end":{"line":21,"column":null}}},"fnMap":{"0":{"name":"(anonymous_0)","decl":{"start":{"line":21,"column":0},"end":{"line":21,"column":15}},"loc":{"start":{"line":21,"column":0},"end":{"line":21,"column":15}}}},"branchMap":{},"s":{"0":1,"1":1,"2":1,"3":1},"f":{"0":1},"b":{}}
,"/Users/ali/Sites/Next-js-Boilerplate/src/pages/blog.tsx": {"path":"/Users/ali/Sites/Next-js-Boilerplate/src/pages/blog.tsx","statementMap":{"0":{"start":{"line":26,"column":0},"end":{"line":26,"column":15}},"1":{"start":{"line":1,"column":17},"end":{"line":1,"column":null}},"2":{"start":{"line":3,"column":21},"end":{"line":3,"column":null}},"3":{"start":{"line":4,"column":21},"end":{"line":4,"column":null}},"4":{"start":{"line":16,"column":6},"end":{"line":18,"column":null}},"5":{"start":{"line":26,"column":15},"end":{"line":26,"column":null}}},"fnMap":{"0":{"name":"(anonymous_0)","decl":{"start":{"line":26,"column":0},"end":{"line":26,"column":15}},"loc":{"start":{"line":26,"column":0},"end":{"line":26,"column":15}}},"1":{"name":"(anonymous_3)","decl":{"start":{"line":15,"column":24},"end":{"line":15,"column":25}},"loc":{"start":{"line":16,"column":6},"end":{"line":18,"column":null}}}},"branchMap":{},"s":{"0":0,"1":0,"2":0,"3":0,"4":0,"5":0},"f":{"0":0,"1":0},"b":{}}
,"/Users/ali/Sites/Next-js-Boilerplate/src/pages/index.tsx": {"path":"/Users/ali/Sites/Next-js-Boilerplate/src/pages/index.tsx","statementMap":{"0":{"start":{"line":186,"column":0},"end":{"line":186,"column":15}},"1":{"start":{"line":1,"column":26},"end":{"line":1,"column":null}},"2":{"start":{"line":3,"column":21},"end":{"line":3,"column":null}},"3":{"start":{"line":4,"column":21},"end":{"line":4,"column":null}},"4":{"start":{"line":6,"column":14},"end":{"line":184,"column":null}},"5":{"start":{"line":7,"column":17},"end":{"line":7,"column":null}},"6":{"start":{"line":186,"column":15},"end":{"line":186,"column":null}}},"fnMap":{"0":{"name":"(anonymous_0)","decl":{"start":{"line":186,"column":0},"end":{"line":186,"column":15}},"loc":{"start":{"line":186,"column":0},"end":{"line":186,"column":15}}},"1":{"name":"(anonymous_1)","decl":{"start":{"line":6,"column":14},"end":{"line":6,"column":20}},"loc":{"start":{"line":6,"column":20},"end":{"line":184,"column":null}}}},"branchMap":{},"s":{"0":1,"1":1,"2":1,"3":1,"4":1,"5":1,"6":1},"f":{"0":1,"1":1},"b":{}}
,"/Users/ali/Sites/Next-js-Boilerplate/src/pages/blog/[slug].tsx": {"path":"/Users/ali/Sites/Next-js-Boilerplate/src/pages/blog/[slug].tsx","statementMap":{"0":{"start":{"line":14,"column":13},"end":{"line":14,"column":27}},"1":{"start":{"line":23,"column":13},"end":{"line":23,"column":27}},"2":{"start":{"line":47,"column":0},"end":{"line":47,"column":15}},"3":{"start":{"line":7,"column":21},"end":{"line":7,"column":null}},"4":{"start":{"line":8,"column":21},"end":{"line":8,"column":null}},"5":{"start":{"line":14,"column":56},"end":{"line":21,"column":null}},"6":{"start":{"line":15,"column":2},"end":{"line":20,"column":null}},"7":{"start":{"line":16,"column":45},"end":{"line":18,"column":null}},"8":{"start":{"line":23,"column":66},"end":{"line":31,"column":null}},"9":{"start":{"line":26,"column":2},"end":{"line":30,"column":null}},"10":{"start":{"line":33,"column":13},"end":{"line":45,"column":null}},"11":{"start":{"line":47,"column":15},"end":{"line":47,"column":20}}},"fnMap":{"0":{"name":"(anonymous_1)","decl":{"start":{"line":14,"column":27},"end":{"line":14,"column":56}},"loc":{"start":{"line":14,"column":13},"end":{"line":14,"column":27}}},"1":{"name":"(anonymous_2)","decl":{"start":{"line":23,"column":27},"end":{"line":23,"column":66}},"loc":{"start":{"line":23,"column":13},"end":{"line":23,"column":27}}},"2":{"name":"(anonymous_3)","decl":{"start":{"line":47,"column":20},"end":{"line":47,"column":null}},"loc":{"start":{"line":47,"column":0},"end":{"line":47,"column":15}}},"3":{"name":"(anonymous_4)","decl":{"start":{"line":14,"column":56},"end":{"line":14,"column":68}},"loc":{"start":{"line":14,"column":68},"end":{"line":21,"column":null}}},"4":{"name":"(anonymous_5)","decl":{"start":{"line":16,"column":30},"end":{"line":16,"column":31}},"loc":{"start":{"line":16,"column":45},"end":{"line":18,"column":null}}},"5":{"name":"(anonymous_6)","decl":{"start":{"line":23,"column":66},"end":{"line":23,"column":73}},"loc":{"start":{"line":25,"column":6},"end":{"line":31,"column":null}}},"6":{"name":"(anonymous_7)","decl":{"start":{"line":33,"column":13},"end":{"line":33,"column":14}},"loc":{"start":{"line":33,"column":72},"end":{"line":45,"column":null}}}},"branchMap":{},"s":{"0":0,"1":0,"2":0,"3":0,"4":0,"5":0,"6":0,"7":0,"8":0,"9":0,"10":0,"11":0},"f":{"0":0,"1":0,"2":0,"3":0,"4":0,"5":0,"6":0},"b":{}}
,"/Users/ali/Sites/Next-js-Boilerplate/src/providers/ThemeProvider.tsx": {"path":"/Users/ali/Sites/Next-js-Boilerplate/src/providers/ThemeProvider.tsx","statementMap":{"0":{"start":{"line":3,"column":24},"end":{"line":3,"column":38}},"1":{"start":{"line":1,"column":43},"end":{"line":1,"column":null}},"2":{"start":{"line":4,"column":28},"end":{"line":4,"column":null}},"3":{"start":{"line":5,"column":2},"end":{"line":13,"column":null}},"4":{"start":{"line":6,"column":30},"end":{"line":6,"column":null}},"5":{"start":{"line":7,"column":4},"end":{"line":12,"column":5}},"6":{"start":{"line":8,"column":6},"end":{"line":8,"column":null}},"7":{"start":{"line":10,"column":6},"end":{"line":10,"column":null}},"8":{"start":{"line":11,"column":6},"end":{"line":11,"column":null}},"9":{"start":{"line":15,"column":2},"end":{"line":17,"column":null}},"10":{"start":{"line":16,"column":4},"end":{"line":16,"column":null}}},"fnMap":{"0":{"name":"(anonymous_0)","decl":{"start":{"line":3,"column":24},"end":{"line":3,"column":38}},"loc":{"start":{"line":3,"column":24},"end":{"line":3,"column":38}}},"1":{"name":"(anonymous_5)","decl":{"start":{"line":5,"column":12},"end":{"line":5,"column":18}},"loc":{"start":{"line":5,"column":18},"end":{"line":13,"column":5}}},"2":{"name":"(anonymous_6)","decl":{"start":{"line":15,"column":12},"end":{"line":15,"column":18}},"loc":{"start":{"line":15,"column":18},"end":{"line":17,"column":5}}}},"branchMap":{"0":{"loc":{"start":{"line":7,"column":4},"end":{"line":12,"column":5}},"type":"if","locations":[{"start":{"line":7,"column":4},"end":{"line":12,"column":5}},{"start":{"line":9,"column":11},"end":{"line":12,"column":5}}]}},"s":{"0":0,"1":0,"2":0,"3":0,"4":0,"5":0,"6":0,"7":0,"8":0,"9":0,"10":0},"f":{"0":0,"1":0,"2":0},"b":{"0":[0,0]}}
,"/Users/ali/Sites/Next-js-Boilerplate/src/templates/Main.tsx": {"path":"/Users/ali/Sites/Next-js-Boilerplate/src/templates/Main.tsx","statementMap":{"0":{"start":{"line":69,"column":9},"end":{"line":69,"column":null}},"1":{"start":{"line":1,"column":17},"end":{"line":1,"column":null}},"2":{"start":{"line":4,"column":26},"end":{"line":4,"column":null}}},"fnMap":{"0":{"name":"(anonymous_0)","decl":{"start":{"line":69,"column":9},"end":{"line":69,"column":null}},"loc":{"start":{"line":69,"column":9},"end":{"line":69,"column":null}}}},"branchMap":{},"s":{"0":4,"1":3,"2":3},"f":{"0":4},"b":{}}
,"/Users/ali/Sites/Next-js-Boilerplate/src/utils/AppConfig.ts": {"path":"/Users/ali/Sites/Next-js-Boilerplate/src/utils/AppConfig.ts","statementMap":{"0":{"start":{"line":3,"column":13},"end":{"line":3,"column":25}},"1":{"start":{"line":3,"column":25},"end":{"line":8,"column":null}}},"fnMap":{"0":{"name":"(anonymous_0)","decl":{"start":{"line":3,"column":13},"end":{"line":3,"column":25}},"loc":{"start":{"line":3,"column":13},"end":{"line":3,"column":25}}}},"branchMap":{},"s":{"0":10,"1":4},"f":{"0":10},"b":{}}
,"/Users/ali/Sites/Next-js-Boilerplate/src/utils/product.ts": {"path":"/Users/ali/Sites/Next-js-Boilerplate/src/utils/product.ts","statementMap":{"0":{"start":{"line":1,"column":13},"end":{"line":1,"column":24}},"1":{"start":{"line":1,"column":24},"end":{"line":9,"column":null}},"2":{"start":{"line":5,"column":2},"end":{"line":9,"column":null}}},"fnMap":{"0":{"name":"(anonymous_0)","decl":{"start":{"line":1,"column":13},"end":{"line":1,"column":24}},"loc":{"start":{"line":1,"column":13},"end":{"line":1,"column":24}}},"1":{"name":"(anonymous_1)","decl":{"start":{"line":1,"column":24},"end":{"line":1,"column":null}},"loc":{"start":{"line":5,"column":2},"end":{"line":9,"column":null}}}},"branchMap":{"0":{"loc":{"start":{"line":9,"column":23},"end":{"line":9,"column":47}},"type":"cond-expr","locations":[{"start":{"line":9,"column":31},"end":{"line":9,"column":41}},{"start":{"line":9,"column":44},"end":{"line":9,"column":47}}]}},"s":{"0":0,"1":0,"2":0},"f":{"0":0,"1":0},"b":{"0":[0,0]}}
}
