TN:
SF:src/components/form.tsx
FN:1,(anonymous_0)
FNF:1
FNH:0
FNDA:0,(anonymous_0)
DA:1,0
LF:1
LH:0
BRF:0
BRH:0
end_of_record
TN:
SF:src/components/loading.tsx
FN:1,(anonymous_0)
FNF:1
FNH:0
FNDA:0,(anonymous_0)
DA:1,0
LF:1
LH:0
BRF:0
BRH:0
end_of_record
TN:
SF:src/components/order_summary.tsx
FN:7,(anonymous_0)
FN:29,(anonymous_3)
FN:69,(anonymous_4)
FNF:3
FNH:0
FNDA:0,(anonymous_0)
FNDA:0,(anonymous_3)
FNDA:0,(anonymous_4)
DA:3,0
DA:5,0
DA:7,0
DA:30,0
DA:70,0
LF:5
LH:0
BRDA:67,0,0,0
BRDA:67,0,1,0
BRDA:67,0,2,0
BRF:3
BRH:0
end_of_record
TN:
SF:src/components/order_summary_item.tsx
FN:5,(anonymous_0)
FNF:1
FNH:0
FNDA:0,(anonymous_0)
DA:3,0
DA:5,0
LF:2
LH:0
BRDA:20,0,0,0
BRDA:20,0,1,0
BRDA:20,0,2,0
BRDA:20,1,0,0
BRDA:20,1,1,0
BRDA:20,2,0,0
BRDA:20,2,1,0
BRDA:20,3,0,0
BRDA:20,3,1,0
BRDA:28,4,0,0
BRDA:28,5,0,0
BRDA:28,5,1,0
BRDA:28,6,0,0
BRDA:28,6,1,0
BRF:14
BRH:0
end_of_record
TN:
SF:src/layouts/Meta.tsx
FN:66,(anonymous_0)
FN:13,(anonymous_2)
FNF:2
FNH:2
FNDA:3,(anonymous_0)
FNDA:3,(anonymous_2)
DA:1,3
DA:2,3
DA:3,3
DA:5,3
DA:13,3
DA:14,3
DA:66,3
LF:7
LH:7
BRF:0
BRH:0
end_of_record
TN:
SF:src/pages/[slug].tsx
FN:96,(anonymous_1)
FN:104,(anonymous_2)
FN:11,(anonymous_4)
FN:16,(anonymous_5)
FN:19,(anonymous_6)
FN:96,getServerSideProps
FNF:6
FNH:0
FNDA:0,(anonymous_1)
FNDA:0,(anonymous_2)
FNDA:0,(anonymous_4)
FNDA:0,(anonymous_5)
FNDA:0,(anonymous_6)
FNDA:0,getServerSideProps
DA:1,0
DA:3,0
DA:5,0
DA:6,0
DA:7,0
DA:8,0
DA:9,0
DA:11,0
DA:13,0
DA:14,0
DA:15,0
DA:16,0
DA:17,0
DA:19,0
DA:20,0
DA:22,0
DA:96,0
DA:97,0
DA:104,0
LF:19
LH:0
BRDA:39,0,0,0
BRDA:89,1,0,0
BRF:2
BRH:0
end_of_record
TN:
SF:src/pages/about.tsx
FN:21,(anonymous_0)
FNF:1
FNH:1
FNDA:1,(anonymous_0)
DA:1,1
DA:2,1
DA:21,1
LF:3
LH:3
BRF:0
BRH:0
end_of_record
TN:
SF:src/pages/blog.tsx
FN:26,(anonymous_0)
FN:15,(anonymous_3)
FNF:2
FNH:0
FNDA:0,(anonymous_0)
FNDA:0,(anonymous_3)
DA:1,0
DA:3,0
DA:4,0
DA:16,0
DA:26,0
LF:5
LH:0
BRF:0
BRH:0
end_of_record
TN:
SF:src/pages/index.tsx
FN:186,(anonymous_0)
FN:6,(anonymous_1)
FNF:2
FNH:2
FNDA:1,(anonymous_0)
FNDA:1,(anonymous_1)
DA:1,1
DA:3,1
DA:4,1
DA:6,1
DA:7,1
DA:186,1
LF:6
LH:6
BRF:0
BRH:0
end_of_record
TN:
SF:src/pages/blog/[slug].tsx
FN:14,(anonymous_1)
FN:23,(anonymous_2)
FN:47,(anonymous_3)
FN:14,(anonymous_4)
FN:16,(anonymous_5)
FN:23,(anonymous_6)
FN:33,(anonymous_7)
FNF:7
FNH:0
FNDA:0,(anonymous_1)
FNDA:0,(anonymous_2)
FNDA:0,(anonymous_3)
FNDA:0,(anonymous_4)
FNDA:0,(anonymous_5)
FNDA:0,(anonymous_6)
FNDA:0,(anonymous_7)
DA:7,0
DA:8,0
DA:14,0
DA:15,0
DA:16,0
DA:23,0
DA:26,0
DA:33,0
DA:47,0
LF:9
LH:0
BRF:0
BRH:0
end_of_record
TN:
SF:src/providers/ThemeProvider.tsx
FN:3,(anonymous_0)
FN:5,(anonymous_5)
FN:15,(anonymous_6)
FNF:3
FNH:0
FNDA:0,(anonymous_0)
FNDA:0,(anonymous_5)
FNDA:0,(anonymous_6)
DA:1,0
DA:3,0
DA:4,0
DA:5,0
DA:6,0
DA:7,0
DA:8,0
DA:10,0
DA:11,0
DA:15,0
DA:16,0
LF:11
LH:0
BRDA:7,0,0,0
BRDA:7,0,1,0
BRF:2
BRH:0
end_of_record
TN:
SF:src/templates/Main.tsx
FN:69,(anonymous_0)
FNF:1
FNH:1
FNDA:4,(anonymous_0)
DA:1,3
DA:4,3
DA:69,4
LF:3
LH:3
BRF:0
BRH:0
end_of_record
TN:
SF:src/utils/AppConfig.ts
FN:3,(anonymous_0)
FNF:1
FNH:1
FNDA:10,(anonymous_0)
DA:3,10
LF:1
LH:1
BRF:0
BRH:0
end_of_record
TN:
SF:src/utils/product.ts
FN:1,(anonymous_0)
FN:1,(anonymous_1)
FNF:2
FNH:0
FNDA:0,(anonymous_0)
FNDA:0,(anonymous_1)
DA:1,0
DA:5,0
LF:2
LH:0
BRDA:9,0,0,0
BRDA:9,0,1,0
BRF:2
BRH:0
end_of_record
